[0.359s] DEBUG:colcon:Command line arguments: ['/usr/bin/colcon', 'build']
[0.360s] DEBUG:colcon:Parsed command line arguments: Namespace(allow_overriding=[], ament_cmake_args=None, base_paths=['.'], build_base='build', catkin_cmake_args=None, catkin_skip_building_tests=False, cmake_args=None, cmake_clean_cache=False, cmake_clean_first=False, cmake_force_configure=False, cmake_target=None, cmake_target_skip_unavailable=False, continue_on_error=False, event_handlers=None, executor='parallel', ignore_user_meta=False, install_base='install', log_base=None, log_level=None, main=<bound method BuildVerb.main of <colcon_core.verb.build.BuildVerb object at 0x7f779d79d4c0>>, merge_install=False, metas=['./colcon.meta'], packages_above=None, packages_above_and_dependencies=None, packages_above_depth=None, packages_end=None, packages_ignore=None, packages_ignore_regex=None, packages_select=None, packages_select_build_failed=False, packages_select_by_dep=None, packages_select_regex=None, packages_select_test_failures=False, packages_skip=None, packages_skip_build_finished=False, packages_skip_by_dep=None, packages_skip_regex=None, packages_skip_test_passed=False, packages_skip_up_to=None, packages_start=None, packages_up_to=None, packages_up_to_regex=None, parallel_workers=4, paths=None, symlink_install=False, test_result_base=None, verb_extension=<colcon_core.verb.build.BuildVerb object at 0x7f779d79d4c0>, verb_name='build', verb_parser=<colcon_defaults.argument_parser.defaults.DefaultArgumentsDecorator object at 0x7f779d727880>)
[0.410s] Level 1:colcon.colcon_core.package_discovery:discover_packages(colcon_meta) check parameters
[0.410s] Level 1:colcon.colcon_core.package_discovery:discover_packages(recursive) check parameters
[0.411s] Level 1:colcon.colcon_core.package_discovery:discover_packages(ignore) check parameters
[0.411s] Level 1:colcon.colcon_core.package_discovery:discover_packages(path) check parameters
[0.411s] Level 1:colcon.colcon_core.package_discovery:discover_packages(colcon_meta) discover
[0.411s] Level 1:colcon.colcon_core.package_discovery:discover_packages(recursive) discover
[0.411s] INFO:colcon.colcon_core.package_discovery:Crawling recursively for packages in '/home/francesco/px4_ros_com_ros2/src/px4_ros_com'
[0.411s] Level 1:colcon.colcon_core.package_identification:_identify(.) by extensions ['ignore', 'ignore_ament_install']
[0.411s] Level 1:colcon.colcon_core.package_identification:_identify(.) by extension 'ignore'
[0.411s] Level 1:colcon.colcon_core.package_identification:_identify(.) by extension 'ignore_ament_install'
[0.411s] Level 1:colcon.colcon_core.package_identification:_identify(.) by extensions ['colcon_pkg']
[0.411s] Level 1:colcon.colcon_core.package_identification:_identify(.) by extension 'colcon_pkg'
[0.411s] Level 1:colcon.colcon_core.package_identification:_identify(.) by extensions ['colcon_meta']
[0.411s] Level 1:colcon.colcon_core.package_identification:_identify(.) by extension 'colcon_meta'
[0.411s] Level 1:colcon.colcon_core.package_identification:_identify(.) by extensions ['ros']
[0.411s] Level 1:colcon.colcon_core.package_identification:_identify(.) by extension 'ros'
[0.432s] DEBUG:colcon.colcon_core.package_identification:Package '.' with type 'ros.ament_cmake' and name 'px4_ros_com'
[0.432s] Level 1:colcon.colcon_core.package_discovery:discover_packages(recursive) using defaults
[0.432s] Level 1:colcon.colcon_core.package_discovery:discover_packages(ignore) discover
[0.432s] Level 1:colcon.colcon_core.package_discovery:discover_packages(ignore) using defaults
[0.432s] Level 1:colcon.colcon_core.package_discovery:discover_packages(path) discover
[0.432s] Level 1:colcon.colcon_core.package_discovery:discover_packages(path) using defaults
[0.476s] Level 1:colcon.colcon_core.package_discovery:discover_packages(prefix_path) check parameters
[0.477s] Level 1:colcon.colcon_core.package_discovery:discover_packages(prefix_path) discover
[0.480s] DEBUG:colcon.colcon_installed_package_information.package_discovery:Found 2 installed packages in /home/francesco/px4_ros_com_ros2/install
[0.482s] DEBUG:colcon.colcon_installed_package_information.package_discovery:Found 263 installed packages in /opt/ros/foxy
[0.484s] Level 1:colcon.colcon_core.package_discovery:discover_packages(prefix_path) using defaults
[0.548s] Level 5:colcon.colcon_core.verb:set package 'px4_ros_com' build argument 'cmake_args' from command line to 'None'
[0.548s] Level 5:colcon.colcon_core.verb:set package 'px4_ros_com' build argument 'cmake_target' from command line to 'None'
[0.548s] Level 5:colcon.colcon_core.verb:set package 'px4_ros_com' build argument 'cmake_target_skip_unavailable' from command line to 'False'
[0.549s] Level 5:colcon.colcon_core.verb:set package 'px4_ros_com' build argument 'cmake_clean_cache' from command line to 'False'
[0.549s] Level 5:colcon.colcon_core.verb:set package 'px4_ros_com' build argument 'cmake_clean_first' from command line to 'False'
[0.549s] Level 5:colcon.colcon_core.verb:set package 'px4_ros_com' build argument 'cmake_force_configure' from command line to 'False'
[0.549s] Level 5:colcon.colcon_core.verb:set package 'px4_ros_com' build argument 'ament_cmake_args' from command line to 'None'
[0.549s] Level 5:colcon.colcon_core.verb:set package 'px4_ros_com' build argument 'catkin_cmake_args' from command line to 'None'
[0.549s] Level 5:colcon.colcon_core.verb:set package 'px4_ros_com' build argument 'catkin_skip_building_tests' from command line to 'False'
[0.549s] DEBUG:colcon.colcon_core.verb:Building package 'px4_ros_com' with the following arguments: {'ament_cmake_args': None, 'build_base': '/home/francesco/px4_ros_com_ros2/src/px4_ros_com/build/px4_ros_com', 'catkin_cmake_args': None, 'catkin_skip_building_tests': False, 'cmake_args': None, 'cmake_clean_cache': False, 'cmake_clean_first': False, 'cmake_force_configure': False, 'cmake_target': None, 'cmake_target_skip_unavailable': False, 'install_base': '/home/francesco/px4_ros_com_ros2/src/px4_ros_com/install/px4_ros_com', 'merge_install': False, 'path': '/home/francesco/px4_ros_com_ros2/src/px4_ros_com', 'symlink_install': False, 'test_result_base': None}
[0.550s] INFO:colcon.colcon_core.executor:Executing jobs using 'parallel' executor
[0.556s] DEBUG:colcon.colcon_parallel_executor.executor.parallel:run_until_complete
[0.556s] INFO:colcon.colcon_ros.task.ament_cmake.build:Building ROS package in '/home/francesco/px4_ros_com_ros2/src/px4_ros_com' with build type 'ament_cmake'
[0.557s] INFO:colcon.colcon_cmake.task.cmake.build:Building CMake package in '/home/francesco/px4_ros_com_ros2/src/px4_ros_com'
[0.562s] INFO:colcon.colcon_core.plugin_system:Skipping extension 'colcon_core.shell.bat': Not used on non-Windows systems
[0.562s] INFO:colcon.colcon_core.shell:Skip shell extension 'powershell' for command environment: Not usable outside of PowerShell
[0.562s] DEBUG:colcon.colcon_core.shell:Skip shell extension 'dsv' for command environment
[0.596s] DEBUG:colcon.colcon_core.event_handler.log_command:Invoking command in '/home/francesco/px4_ros_com_ros2/src/px4_ros_com/build/px4_ros_com': CMAKE_PREFIX_PATH=${CMAKE_PREFIX_PATH}:/opt/ros/foxy CONDA_PROMPT_MODIFIER=(base) /usr/bin/cmake /home/francesco/px4_ros_com_ros2/src/px4_ros_com -DCMAKE_INSTALL_PREFIX=/home/francesco/px4_ros_com_ros2/src/px4_ros_com/install/px4_ros_com
[2.174s] DEBUG:colcon.colcon_core.event_handler.log_command:Invoked command in '/home/francesco/px4_ros_com_ros2/src/px4_ros_com/build/px4_ros_com' returned '1': CMAKE_PREFIX_PATH=${CMAKE_PREFIX_PATH}:/opt/ros/foxy CONDA_PROMPT_MODIFIER=(base) /usr/bin/cmake /home/francesco/px4_ros_com_ros2/src/px4_ros_com -DCMAKE_INSTALL_PREFIX=/home/francesco/px4_ros_com_ros2/src/px4_ros_com/install/px4_ros_com
[2.193s] Level 1:colcon.colcon_core.environment:create_environment_scripts_only(px4_ros_com)
[2.200s] Level 1:colcon.colcon_core.environment:checking '/home/francesco/px4_ros_com_ros2/src/px4_ros_com/install/px4_ros_com' for CMake module files
[2.201s] Level 1:colcon.colcon_core.environment:checking '/home/francesco/px4_ros_com_ros2/src/px4_ros_com/install/px4_ros_com' for CMake config files
[2.201s] Level 1:colcon.colcon_core.environment:checking '/home/francesco/px4_ros_com_ros2/src/px4_ros_com/install/px4_ros_com/bin'
[2.201s] Level 1:colcon.colcon_core.environment:checking '/home/francesco/px4_ros_com_ros2/src/px4_ros_com/install/px4_ros_com/lib/pkgconfig/px4_ros_com.pc'
[2.202s] Level 1:colcon.colcon_core.environment:checking '/home/francesco/px4_ros_com_ros2/src/px4_ros_com/install/px4_ros_com/lib/python3.8/site-packages'
[2.202s] Level 1:colcon.colcon_core.environment:checking '/home/francesco/px4_ros_com_ros2/src/px4_ros_com/install/px4_ros_com/bin'
[2.205s] INFO:colcon.colcon_core.shell:Creating package script '/home/francesco/px4_ros_com_ros2/src/px4_ros_com/install/px4_ros_com/share/px4_ros_com/package.ps1'
[2.206s] INFO:colcon.colcon_core.shell:Creating package descriptor '/home/francesco/px4_ros_com_ros2/src/px4_ros_com/install/px4_ros_com/share/px4_ros_com/package.dsv'
[2.207s] INFO:colcon.colcon_core.shell:Creating package script '/home/francesco/px4_ros_com_ros2/src/px4_ros_com/install/px4_ros_com/share/px4_ros_com/package.sh'
[2.208s] INFO:colcon.colcon_core.shell:Creating package script '/home/francesco/px4_ros_com_ros2/src/px4_ros_com/install/px4_ros_com/share/px4_ros_com/package.bash'
[2.208s] INFO:colcon.colcon_core.shell:Creating package script '/home/francesco/px4_ros_com_ros2/src/px4_ros_com/install/px4_ros_com/share/px4_ros_com/package.zsh'
[2.209s] Level 1:colcon.colcon_core.environment:create_file_with_runtime_dependencies(/home/francesco/px4_ros_com_ros2/src/px4_ros_com/install/px4_ros_com/share/colcon-core/packages/px4_ros_com)
[2.210s] DEBUG:colcon.colcon_parallel_executor.executor.parallel:closing loop
[2.210s] DEBUG:colcon.colcon_parallel_executor.executor.parallel:loop closed
[2.210s] DEBUG:colcon.colcon_parallel_executor.executor.parallel:run_until_complete finished with '1'
[2.210s] DEBUG:colcon.colcon_core.event_reactor:joining thread
[2.218s] INFO:colcon.colcon_core.plugin_system:Skipping extension 'colcon_notification.desktop_notification.terminal_notifier': Not used on non-Darwin systems
[2.218s] INFO:colcon.colcon_core.plugin_system:Skipping extension 'colcon_notification.desktop_notification.win32': Not used on non-Windows systems
[2.219s] INFO:colcon.colcon_notification.desktop_notification:Sending desktop notification using 'notify2'
[2.238s] DEBUG:colcon.colcon_core.event_reactor:joined thread
[2.241s] INFO:colcon.colcon_core.shell:Creating prefix script '/home/francesco/px4_ros_com_ros2/src/px4_ros_com/install/local_setup.ps1'
[2.242s] INFO:colcon.colcon_core.shell:Creating prefix util module '/home/francesco/px4_ros_com_ros2/src/px4_ros_com/install/_local_setup_util_ps1.py'
[2.244s] INFO:colcon.colcon_core.shell:Creating prefix chain script '/home/francesco/px4_ros_com_ros2/src/px4_ros_com/install/setup.ps1'
[2.246s] INFO:colcon.colcon_core.shell:Creating prefix script '/home/francesco/px4_ros_com_ros2/src/px4_ros_com/install/local_setup.sh'
[2.247s] INFO:colcon.colcon_core.shell:Creating prefix util module '/home/francesco/px4_ros_com_ros2/src/px4_ros_com/install/_local_setup_util_sh.py'
[2.247s] INFO:colcon.colcon_core.shell:Creating prefix chain script '/home/francesco/px4_ros_com_ros2/src/px4_ros_com/install/setup.sh'
[2.249s] INFO:colcon.colcon_core.shell:Creating prefix script '/home/francesco/px4_ros_com_ros2/src/px4_ros_com/install/local_setup.bash'
[2.250s] INFO:colcon.colcon_core.shell:Creating prefix chain script '/home/francesco/px4_ros_com_ros2/src/px4_ros_com/install/setup.bash'
[2.253s] INFO:colcon.colcon_core.shell:Creating prefix script '/home/francesco/px4_ros_com_ros2/src/px4_ros_com/install/local_setup.zsh'
[2.254s] INFO:colcon.colcon_core.shell:Creating prefix chain script '/home/francesco/px4_ros_com_ros2/src/px4_ros_com/install/setup.zsh'
