-- Using C++17 compiler
-- Found ament_cmake: 0.9.11 (/opt/ros/foxy/share/ament_cmake/cmake)
-- Using PYTHON_EXECUTABLE: /home/francesco/anaconda3/bin/python3
-- Override CMake install command with custom implementation using symlinks instead of copying resources
-- Found builtin_interfaces: 1.0.0 (/opt/ros/foxy/share/builtin_interfaces/cmake)
-- Using all available rosidl_typesupport_c: rosidl_typesupport_fastrtps_c;rosidl_typesupport_introspection_c
-- Found rosidl_adapter: 1.3.0 (/opt/ros/foxy/share/rosidl_adapter/cmake)
-- Using all available rosidl_typesupport_cpp: rosidl_typesupport_fastrtps_cpp;rosidl_typesupport_introspection_cpp
-- Found rclcpp: 2.4.2 (/opt/ros/foxy/share/rclcpp/cmake)
-- Found rmw_implementation_cmake: 1.0.4 (/opt/ros/foxy/share/rmw_implementation_cmake/cmake)
-- Using RMW implementation 'rmw_fastrtps_cpp' as default
-- Found rmw_fastrtps_cpp: 1.3.1 (/opt/ros/foxy/share/rmw_fastrtps_cpp/cmake)
-- Found px4_msgs: 2.0.1 (/home/francesco/px4_ros_com_ros2/install/px4_msgs/share/px4_msgs/cmake)
-- Found sensor_msgs: 2.0.5 (/opt/ros/foxy/share/sensor_msgs/cmake)
-- Found eigen3_cmake_module: 0.1.1 (/opt/ros/foxy/share/eigen3_cmake_module/cmake)
-- fastrtpsgen found in /usr/local/bin
openjdk version "1.8.0_362"
OpenJDK Runtime Environment (build 1.8.0_362-8u372-ga~us1-0ubuntu1~20.04-b09)
OpenJDK 64-Bit Server VM (build 25.362-b09, mixed mode)
-- fastrtpsgen version 1.0.4
-- px4_msgs message dir under /home/francesco/px4_ros_com_ros2/install/px4_msgs/share/px4_msgs/msg
-- IDL definitions under /home/francesco/px4_ros_com_ros2/install/px4_msgs/share/px4_msgs/msg
-- Retrieving list of msgs to send...
-- List of msgs to send: DebugArray, DebugKeyValue, DebugValue, DebugVect, OffboardControlMode, OnboardComputerStatus, OpticalFlow, PositionSetpoint, PositionSetpointTriplet, TelemetryStatus, Timesync, TrajectoryBezier, VehicleCommand, VehicleLocalPositionSetpoint, VehicleTrajectoryBezier, VehicleTrajectoryWaypoint, TrajectorySetpoint, VehicleMocapOdometry, VehicleVisualOdometry
-- Retrieving list of msgs to receive...
-- List of msgs to receive: CollisionConstraints, SensorCombined, Timesync, TimesyncStatus, TrajectoryWaypoint, VehicleControlMode, VehicleOdometry, VehicleStatus
Traceback (most recent call last):
  File "/opt/ros/foxy/share/ament_cmake_core/cmake/core/package_xml_2_cmake.py", line 21, in <module>
    from catkin_pkg.package import parse_package_string
ModuleNotFoundError: No module named 'catkin_pkg'
CMake Error at /opt/ros/foxy/share/ament_cmake_core/cmake/core/ament_package_xml.cmake:94 (message):
  execute_process(/home/francesco/anaconda3/bin/python3
  /opt/ros/foxy/share/ament_cmake_core/cmake/core/package_xml_2_cmake.py
  /home/francesco/px4_ros_com_ros2/src/px4_ros_com/package.xml
  /home/francesco/px4_ros_com_ros2/src/px4_ros_com/build/px4_ros_com/ament_cmake_core/package.cmake)
  returned error code 1
Call Stack (most recent call first):
  /opt/ros/foxy/share/ament_cmake_core/cmake/core/ament_package_xml.cmake:49 (_ament_package_xml)
  /opt/ros/foxy/share/ament_cmake_core/cmake/core/ament_package.cmake:63 (ament_package_xml)
  CMakeLists.txt:159 (ament_package)


-- Configuring incomplete, errors occurred!
See also "/home/francesco/px4_ros_com_ros2/src/px4_ros_com/build/px4_ros_com/CMakeFiles/CMakeOutput.log".
See also "/home/francesco/px4_ros_com_ros2/src/px4_ros_com/build/px4_ros_com/CMakeFiles/CMakeError.log".
