[0.042s] Invoking command in '/home/francesco/px4_ros_com_ros2/src/px4_ros_com/build/px4_ros_com': CMAKE_PREFIX_PATH=${CMAKE_PREFIX_PATH}:/opt/ros/foxy CONDA_PROMPT_MODIFIER=(base) /usr/bin/cmake /home/francesco/px4_ros_com_ros2/src/px4_ros_com -DCMAKE_INSTALL_PREFIX=/home/francesco/px4_ros_com_ros2/src/px4_ros_com/install/px4_ros_com
[0.062s] -- Using C++17 compiler
[0.063s] -- Found ament_cmake: 0.9.11 (/opt/ros/foxy/share/ament_cmake/cmake)
[0.095s] -- Using PYTHON_EXECUTABLE: /home/francesco/anaconda3/bin/python3
[0.458s] -- Override CMake install command with custom implementation using symlinks instead of copying resources
[0.471s] -- Found builtin_interfaces: 1.0.0 (/opt/ros/foxy/share/builtin_interfaces/cmake)
[0.505s] -- Using all available rosidl_typesupport_c: rosidl_typesupport_fastrtps_c;rosidl_typesupport_introspection_c
[0.510s] -- Found rosidl_adapter: 1.3.0 (/opt/ros/foxy/share/rosidl_adapter/cmake)
[0.680s] -- Using all available rosidl_typesupport_cpp: rosidl_typesupport_fastrtps_cpp;rosidl_typesupport_introspection_cpp
[0.741s] -- Found rclcpp: 2.4.2 (/opt/ros/foxy/share/rclcpp/cmake)
[0.798s] -- Found rmw_implementation_cmake: 1.0.4 (/opt/ros/foxy/share/rmw_implementation_cmake/cmake)
[0.800s] -- Using RMW implementation 'rmw_fastrtps_cpp' as default
[0.987s] -- Found rmw_fastrtps_cpp: 1.3.1 (/opt/ros/foxy/share/rmw_fastrtps_cpp/cmake)
[1.133s] -- Found px4_msgs: 2.0.1 (/home/francesco/px4_ros_com_ros2/install/px4_msgs/share/px4_msgs/cmake)
[1.156s] -- Found sensor_msgs: 2.0.5 (/opt/ros/foxy/share/sensor_msgs/cmake)
[1.326s] -- Found eigen3_cmake_module: 0.1.1 (/opt/ros/foxy/share/eigen3_cmake_module/cmake)
[1.330s] -- fastrtpsgen found in /usr/local/bin
[1.389s] openjdk version "1.8.0_362"
[1.389s] OpenJDK Runtime Environment (build 1.8.0_362-8u372-ga~us1-0ubuntu1~20.04-b09)
[1.389s] OpenJDK 64-Bit Server VM (build 25.362-b09, mixed mode)
[1.418s] -- fastrtpsgen version 1.0.4
[1.418s] -- px4_msgs message dir under /home/francesco/px4_ros_com_ros2/install/px4_msgs/share/px4_msgs/msg
[1.418s] -- IDL definitions under /home/francesco/px4_ros_com_ros2/install/px4_msgs/share/px4_msgs/msg
[1.418s] -- Retrieving list of msgs to send...
[1.492s] -- List of msgs to send: DebugArray, DebugKeyValue, DebugValue, DebugVect, OffboardControlMode, OnboardComputerStatus, OpticalFlow, PositionSetpoint, PositionSetpointTriplet, TelemetryStatus, Timesync, TrajectoryBezier, VehicleCommand, VehicleLocalPositionSetpoint, VehicleTrajectoryBezier, VehicleTrajectoryWaypoint, TrajectorySetpoint, VehicleMocapOdometry, VehicleVisualOdometry
[1.492s] -- Retrieving list of msgs to receive...
[1.560s] -- List of msgs to receive: CollisionConstraints, SensorCombined, Timesync, TimesyncStatus, TrajectoryWaypoint, VehicleControlMode, VehicleOdometry, VehicleStatus
[1.624s] Traceback (most recent call last):
[1.624s]   File "/opt/ros/foxy/share/ament_cmake_core/cmake/core/package_xml_2_cmake.py", line 21, in <module>
[1.624s]     from catkin_pkg.package import parse_package_string
[1.624s] ModuleNotFoundError: No module named 'catkin_pkg'
[1.629s] CMake Error at /opt/ros/foxy/share/ament_cmake_core/cmake/core/ament_package_xml.cmake:94 (message):
[1.629s]   execute_process(/home/francesco/anaconda3/bin/python3
[1.629s]   /opt/ros/foxy/share/ament_cmake_core/cmake/core/package_xml_2_cmake.py
[1.629s]   /home/francesco/px4_ros_com_ros2/src/px4_ros_com/package.xml
[1.630s]   /home/francesco/px4_ros_com_ros2/src/px4_ros_com/build/px4_ros_com/ament_cmake_core/package.cmake)
[1.630s]   returned error code 1
[1.630s] Call Stack (most recent call first):
[1.630s]   /opt/ros/foxy/share/ament_cmake_core/cmake/core/ament_package_xml.cmake:49 (_ament_package_xml)
[1.630s]   /opt/ros/foxy/share/ament_cmake_core/cmake/core/ament_package.cmake:63 (ament_package_xml)
[1.630s]   CMakeLists.txt:159 (ament_package)
[1.631s] 
[1.631s] 
[1.632s] -- Configuring incomplete, errors occurred!
[1.633s] See also "/home/francesco/px4_ros_com_ros2/src/px4_ros_com/build/px4_ros_com/CMakeFiles/CMakeOutput.log".
[1.634s] See also "/home/francesco/px4_ros_com_ros2/src/px4_ros_com/build/px4_ros_com/CMakeFiles/CMakeError.log".
[1.645s] Invoked command in '/home/francesco/px4_ros_com_ros2/src/px4_ros_com/build/px4_ros_com' returned '1': CMAKE_PREFIX_PATH=${CMAKE_PREFIX_PATH}:/opt/ros/foxy CONDA_PROMPT_MODIFIER=(base) /usr/bin/cmake /home/francesco/px4_ros_com_ros2/src/px4_ros_com -DCMAKE_INSTALL_PREFIX=/home/francesco/px4_ros_com_ros2/src/px4_ros_com/install/px4_ros_com
