[0.034s] Invoking command in '/home/francesco/px4_ros_com_ros2/src/px4_ros_com/build/px4_ros_com': CMAKE_PREFIX_PATH=${CMAKE_PREFIX_PATH}:/opt/ros/foxy CONDA_PROMPT_MODIFIER=(base) /usr/bin/cmake /home/francesco/px4_ros_com_ros2/src/px4_ros_com -DCMAKE_BUILD_TYPE=RELWITHDEBINFO -DAMENT_CMAKE_SYMLINK_INSTALL=1 -DCMAKE_INSTALL_PREFIX=/home/francesco/px4_ros_com_ros2/src/px4_ros_com/install/px4_ros_com
[0.054s] -- Using C++17 compiler
[0.055s] -- Found ament_cmake: 0.9.11 (/opt/ros/foxy/share/ament_cmake/cmake)
[0.090s] -- Using PYTHON_EXECUTABLE: /home/francesco/anaconda3/bin/python3
[0.421s] -- Override CMake install command with custom implementation using symlinks instead of copying resources
[0.437s] -- Found builtin_interfaces: 1.0.0 (/opt/ros/foxy/share/builtin_interfaces/cmake)
[0.476s] -- Using all available rosidl_typesupport_c: rosidl_typesupport_fastrtps_c;rosidl_typesupport_introspection_c
[0.484s] -- Found rosidl_adapter: 1.3.0 (/opt/ros/foxy/share/rosidl_adapter/cmake)
[0.726s] -- Using all available rosidl_typesupport_cpp: rosidl_typesupport_fastrtps_cpp;rosidl_typesupport_introspection_cpp
[0.784s] -- Found rclcpp: 2.4.2 (/opt/ros/foxy/share/rclcpp/cmake)
[0.832s] -- Found rmw_implementation_cmake: 1.0.4 (/opt/ros/foxy/share/rmw_implementation_cmake/cmake)
[0.834s] -- Using RMW implementation 'rmw_fastrtps_cpp' as default
[1.030s] -- Found rmw_fastrtps_cpp: 1.3.1 (/opt/ros/foxy/share/rmw_fastrtps_cpp/cmake)
[1.184s] -- Found px4_msgs: 2.0.1 (/home/francesco/px4_ros_com_ros2/install/px4_msgs/share/px4_msgs/cmake)
[1.209s] -- Found sensor_msgs: 2.0.5 (/opt/ros/foxy/share/sensor_msgs/cmake)
[1.381s] -- Found eigen3_cmake_module: 0.1.1 (/opt/ros/foxy/share/eigen3_cmake_module/cmake)
[1.383s] -- fastrtpsgen found in /usr/local/bin
[1.435s] openjdk version "1.8.0_362"
[1.435s] OpenJDK Runtime Environment (build 1.8.0_362-8u372-ga~us1-0ubuntu1~20.04-b09)
[1.436s] OpenJDK 64-Bit Server VM (build 25.362-b09, mixed mode)
[1.467s] -- fastrtpsgen version 1.0.4
[1.467s] -- px4_msgs message dir under /home/francesco/px4_ros_com_ros2/install/px4_msgs/share/px4_msgs/msg
[1.468s] -- IDL definitions under /home/francesco/px4_ros_com_ros2/install/px4_msgs/share/px4_msgs/msg
[1.469s] -- Retrieving list of msgs to send...
[1.541s] -- List of msgs to send: DebugArray, DebugKeyValue, DebugValue, DebugVect, OffboardControlMode, OnboardComputerStatus, OpticalFlow, PositionSetpoint, PositionSetpointTriplet, TelemetryStatus, Timesync, TrajectoryBezier, VehicleCommand, VehicleLocalPositionSetpoint, VehicleTrajectoryBezier, VehicleTrajectoryWaypoint, TrajectorySetpoint, VehicleMocapOdometry, VehicleVisualOdometry
[1.541s] -- Retrieving list of msgs to receive...
[1.609s] -- List of msgs to receive: CollisionConstraints, SensorCombined, Timesync, TimesyncStatus, TrajectoryWaypoint, VehicleControlMode, VehicleOdometry, VehicleStatus
[1.665s] Traceback (most recent call last):
[1.665s]   File "/opt/ros/foxy/share/ament_cmake_core/cmake/core/package_xml_2_cmake.py", line 21, in <module>
[1.665s]     from catkin_pkg.package import parse_package_string
[1.666s] ModuleNotFoundError: No module named 'catkin_pkg'
[1.671s] CMake Error at /opt/ros/foxy/share/ament_cmake_core/cmake/core/ament_package_xml.cmake:94 (message):
[1.672s]   execute_process(/home/francesco/anaconda3/bin/python3
[1.672s]   /opt/ros/foxy/share/ament_cmake_core/cmake/core/package_xml_2_cmake.py
[1.672s]   /home/francesco/px4_ros_com_ros2/src/px4_ros_com/package.xml
[1.672s]   /home/francesco/px4_ros_com_ros2/src/px4_ros_com/build/px4_ros_com/ament_cmake_core/package.cmake)
[1.672s]   returned error code 1
[1.672s] Call Stack (most recent call first):
[1.672s]   /opt/ros/foxy/share/ament_cmake_core/cmake/core/ament_package_xml.cmake:49 (_ament_package_xml)
[1.673s]   /opt/ros/foxy/share/ament_cmake_core/cmake/core/ament_package.cmake:63 (ament_package_xml)
[1.673s]   CMakeLists.txt:159 (ament_package)
[1.673s] 
[1.673s] 
[1.674s] -- Configuring incomplete, errors occurred!
[1.675s] See also "/home/francesco/px4_ros_com_ros2/src/px4_ros_com/build/px4_ros_com/CMakeFiles/CMakeOutput.log".
[1.675s] See also "/home/francesco/px4_ros_com_ros2/src/px4_ros_com/build/px4_ros_com/CMakeFiles/CMakeError.log".
[1.685s] Invoked command in '/home/francesco/px4_ros_com_ros2/src/px4_ros_com/build/px4_ros_com' returned '1': CMAKE_PREFIX_PATH=${CMAKE_PREFIX_PATH}:/opt/ros/foxy CONDA_PROMPT_MODIFIER=(base) /usr/bin/cmake /home/francesco/px4_ros_com_ros2/src/px4_ros_com -DCMAKE_BUILD_TYPE=RELWITHDEBINFO -DAMENT_CMAKE_SYMLINK_INSTALL=1 -DCMAKE_INSTALL_PREFIX=/home/francesco/px4_ros_com_ros2/src/px4_ros_com/install/px4_ros_com
