[0.031s] Invoking command in '/home/francesco/px4_ros_com_ros2/src/px4_ros_com/build/px4_ros_com': CMAKE_PREFIX_PATH=${CMAKE_PREFIX_PATH}:/opt/ros/foxy CONDA_PROMPT_MODIFIER=(base) /usr/bin/cmake /home/francesco/px4_ros_com_ros2/src/px4_ros_com -DCMAKE_INSTALL_PREFIX=/home/francesco/px4_ros_com_ros2/src/px4_ros_com/install/px4_ros_com
[0.173s] -- The C compiler identification is GNU 9.4.0
[0.285s] -- The CXX compiler identification is GNU 9.4.0
[0.293s] -- Check for working C compiler: /usr/bin/cc
[0.387s] -- Check for working C compiler: /usr/bin/cc -- works
[0.391s] -- Detecting C compiler ABI info
[0.497s] -- Detecting C compiler ABI info - done
[0.518s] -- Detecting C compile features
[0.519s] -- Detecting C compile features - done
[0.524s] -- Check for working CXX compiler: /usr/bin/c++
[0.643s] -- Check for working CXX compiler: /usr/bin/c++ -- works
[0.645s] -- Detecting CXX compiler ABI info
[0.749s] -- Detecting CXX compiler ABI info - done
[0.769s] -- Detecting CXX compile features
[0.770s] -- Detecting CXX compile features - done
[0.772s] -- Performing Test COMPILER_SUPPORTS_CXX17
[0.885s] -- Performing Test COMPILER_SUPPORTS_CXX17 - Success
[0.886s] -- Performing Test COMPILER_SUPPORTS_CXX14
[1.000s] -- Performing Test COMPILER_SUPPORTS_CXX14 - Success
[1.002s] -- Performing Test COMPILER_SUPPORTS_CXX11
[1.118s] -- Performing Test COMPILER_SUPPORTS_CXX11 - Success
[1.119s] -- Performing Test COMPILER_SUPPORTS_CXX0X
[1.236s] -- Performing Test COMPILER_SUPPORTS_CXX0X - Success
[1.237s] -- Using C++17 compiler
[1.243s] -- Found ament_cmake: 0.9.11 (/opt/ros/foxy/share/ament_cmake/cmake)
[1.284s] -- Found PythonInterp: /home/francesco/anaconda3/bin/python3 (found suitable version "3.10.9", minimum required is "3") 
[1.284s] -- Using PYTHON_EXECUTABLE: /home/francesco/anaconda3/bin/python3
[1.678s] -- Found builtin_interfaces: 1.0.0 (/opt/ros/foxy/share/builtin_interfaces/cmake)
[1.715s] -- Using all available rosidl_typesupport_c: rosidl_typesupport_fastrtps_c;rosidl_typesupport_introspection_c
[1.724s] -- Found rosidl_adapter: 1.3.0 (/opt/ros/foxy/share/rosidl_adapter/cmake)
[1.847s] -- Found OpenSSL: /usr/lib/x86_64-linux-gnu/libcrypto.so (found version "1.1.1f")  
[1.891s] -- Found FastRTPS: /opt/ros/foxy/include  
[2.009s] -- Using all available rosidl_typesupport_cpp: rosidl_typesupport_fastrtps_cpp;rosidl_typesupport_introspection_cpp
[2.077s] -- Found rclcpp: 2.4.2 (/opt/ros/foxy/share/rclcpp/cmake)
[2.133s] -- Found rmw_implementation_cmake: 1.0.4 (/opt/ros/foxy/share/rmw_implementation_cmake/cmake)
[2.136s] -- Using RMW implementation 'rmw_fastrtps_cpp' as default
[2.137s] -- Looking for pthread.h
[2.237s] -- Looking for pthread.h - found
[2.237s] -- Performing Test CMAKE_HAVE_LIBC_PTHREAD
[2.348s] -- Performing Test CMAKE_HAVE_LIBC_PTHREAD - Failed
[2.349s] -- Looking for pthread_create in pthreads
[2.427s] -- Looking for pthread_create in pthreads - not found
[2.427s] -- Looking for pthread_create in pthread
[2.522s] -- Looking for pthread_create in pthread - found
[2.524s] -- Found Threads: TRUE  
[2.755s] -- Found rmw_fastrtps_cpp: 1.3.1 (/opt/ros/foxy/share/rmw_fastrtps_cpp/cmake)
[2.916s] -- Found px4_msgs: 2.0.1 (/home/francesco/px4_ros_com_ros2/install/px4_msgs/share/px4_msgs/cmake)
[2.948s] -- Found sensor_msgs: 2.0.5 (/opt/ros/foxy/share/sensor_msgs/cmake)
[3.143s] -- Found eigen3_cmake_module: 0.1.1 (/opt/ros/foxy/share/eigen3_cmake_module/cmake)
[3.145s] -- fastrtpsgen found in /usr/local/bin
[3.199s] openjdk version "1.8.0_362"
[3.199s] OpenJDK Runtime Environment (build 1.8.0_362-8u372-ga~us1-0ubuntu1~20.04-b09)
[3.199s] OpenJDK 64-Bit Server VM (build 25.362-b09, mixed mode)
[3.239s] -- fastrtpsgen version 1.0.4
[3.239s] -- px4_msgs message dir under /home/francesco/px4_ros_com_ros2/install/px4_msgs/share/px4_msgs/msg
[3.240s] -- IDL definitions under /home/francesco/px4_ros_com_ros2/install/px4_msgs/share/px4_msgs/msg
[3.240s] -- Retrieving list of msgs to send...
[3.324s] -- List of msgs to send: DebugArray, DebugKeyValue, DebugValue, DebugVect, OffboardControlMode, OnboardComputerStatus, OpticalFlow, PositionSetpoint, PositionSetpointTriplet, TelemetryStatus, Timesync, TrajectoryBezier, VehicleCommand, VehicleLocalPositionSetpoint, VehicleTrajectoryBezier, VehicleTrajectoryWaypoint, TrajectorySetpoint, VehicleMocapOdometry, VehicleVisualOdometry
[3.324s] -- Retrieving list of msgs to receive...
[3.394s] -- List of msgs to receive: CollisionConstraints, SensorCombined, Timesync, TimesyncStatus, TrajectoryWaypoint, VehicleControlMode, VehicleOdometry, VehicleStatus
[3.469s] Traceback (most recent call last):
[3.469s]   File "/opt/ros/foxy/share/ament_cmake_core/cmake/core/package_xml_2_cmake.py", line 21, in <module>
[3.469s]     from catkin_pkg.package import parse_package_string
[3.469s] ModuleNotFoundError: No module named 'catkin_pkg'
[3.475s] CMake Error at /opt/ros/foxy/share/ament_cmake_core/cmake/core/ament_package_xml.cmake:94 (message):
[3.476s]   execute_process(/home/francesco/anaconda3/bin/python3
[3.476s]   /opt/ros/foxy/share/ament_cmake_core/cmake/core/package_xml_2_cmake.py
[3.476s]   /home/francesco/px4_ros_com_ros2/src/px4_ros_com/package.xml
[3.476s]   /home/francesco/px4_ros_com_ros2/src/px4_ros_com/build/px4_ros_com/ament_cmake_core/package.cmake)
[3.476s]   returned error code 1
[3.476s] Call Stack (most recent call first):
[3.477s]   /opt/ros/foxy/share/ament_cmake_core/cmake/core/ament_package_xml.cmake:49 (_ament_package_xml)
[3.477s]   /opt/ros/foxy/share/ament_cmake_core/cmake/core/ament_package.cmake:63 (ament_package_xml)
[3.477s]   CMakeLists.txt:159 (ament_package)
[3.477s] 
[3.477s] 
[3.480s] -- Configuring incomplete, errors occurred!
[3.480s] See also "/home/francesco/px4_ros_com_ros2/src/px4_ros_com/build/px4_ros_com/CMakeFiles/CMakeOutput.log".
[3.480s] See also "/home/francesco/px4_ros_com_ros2/src/px4_ros_com/build/px4_ros_com/CMakeFiles/CMakeError.log".
[3.498s] Invoked command in '/home/francesco/px4_ros_com_ros2/src/px4_ros_com/build/px4_ros_com' returned '1': CMAKE_PREFIX_PATH=${CMAKE_PREFIX_PATH}:/opt/ros/foxy CONDA_PROMPT_MODIFIER=(base) /usr/bin/cmake /home/francesco/px4_ros_com_ros2/src/px4_ros_com -DCMAKE_INSTALL_PREFIX=/home/francesco/px4_ros_com_ros2/src/px4_ros_com/install/px4_ros_com
